<?xml version="1.0" encoding="UTF-8"?>
<!-- Generated by org.testng.reporters.JUnitXMLReporter -->
<testsuite ignored="0" hostname="JAYANT-PC" failures="1" tests="3" name="Test" time="50.714" errors="0" timestamp="2023-05-09T07:51:28 IST">
  <testcase classname="tests.LoginTest" name="Login" time="4.485"/>
  <testcase classname="tests.LoginTest" name="Login" time="14.131"/>
  <testcase classname="tests.screenshot" name="screensht" time="10.767">
    <failure type="java.lang.AssertionError" message="expected [true] but found [false]">
      <![CDATA[java.lang.AssertionError: expected [true] but found [false]
at tests.screenshot.screensht(screenshot.java:27)
at java.base/java.util.ArrayList.forEach(ArrayList.java:1511)
... Removed 29 stack frames]]>
    </failure>
  </testcase> <!-- screensht -->
</testsuite> <!-- Test -->
