<?xml version="1.0" encoding="UTF-8"?>
<testng-results ignored="0" total="1" passed="1" failed="0" skipped="0">
  <reporter-output>
  </reporter-output>
  <suite started-at="2023-01-30T14:19:43 IST" name="Default suite" finished-at="2023-01-30T14:19:52 IST" duration-ms="9180">
    <groups>
    </groups>
    <test started-at="2023-01-30T14:19:43 IST" name="Default test" finished-at="2023-01-30T14:19:52 IST" duration-ms="9180">
      <class name="TestNGpkg.WebTable">
        <test-method signature="f()[pri:0, instance:TestNGpkg.WebTable@54a7079e]" started-at="2023-01-30T14:19:43 IST" name="f" finished-at="2023-01-30T14:19:52 IST" duration-ms="9110" status="PASS">
          <reporter-output>
          </reporter-output>
        </test-method> <!-- f -->
      </class> <!-- TestNGpkg.WebTable -->
    </test> <!-- Default test -->
  </suite> <!-- Default suite -->
</testng-results>
