<?xml version="1.0" encoding="UTF-8"?>
<testng-results ignored="0" total="4" passed="4" failed="0" skipped="0">
  <reporter-output>
  </reporter-output>
  <suite started-at="2023-01-08T10:33:58 IST" name="Suite" finished-at="2023-01-08T10:33:58 IST" duration-ms="85">
    <groups>
    </groups>
    <test started-at="2023-01-08T10:33:58 IST" name="Test" finished-at="2023-01-08T10:33:58 IST" duration-ms="85">
      <class name="com.first.prg.demo2">
        <test-method signature="firstTestCase()[pri:0, instance:com.first.prg.demo2@78aab498]" started-at="2023-01-08T10:33:58 IST" name="firstTestCase" finished-at="2023-01-08T10:33:58 IST" duration-ms="17" status="PASS">
          <reporter-output>
          </reporter-output>
        </test-method> <!-- firstTestCase -->
        <test-method signature="secondTestCase()[pri:0, instance:com.first.prg.demo2@78aab498]" started-at="2023-01-08T10:33:58 IST" name="secondTestCase" finished-at="2023-01-08T10:33:58 IST" duration-ms="3" status="PASS">
          <reporter-output>
          </reporter-output>
        </test-method> <!-- secondTestCase -->
      </class> <!-- com.first.prg.demo2 -->
      <class name="com.first.prg.demo1">
        <test-method signature="firstTestCase()[pri:0, instance:com.first.prg.demo1@6d2a209c]" started-at="2023-01-08T10:33:58 IST" name="firstTestCase" finished-at="2023-01-08T10:33:58 IST" duration-ms="2" status="PASS">
          <reporter-output>
          </reporter-output>
        </test-method> <!-- firstTestCase -->
        <test-method signature="secondTestCase()[pri:0, instance:com.first.prg.demo1@6d2a209c]" started-at="2023-01-08T10:33:58 IST" name="secondTestCase" finished-at="2023-01-08T10:33:58 IST" duration-ms="5" status="PASS">
          <reporter-output>
          </reporter-output>
        </test-method> <!-- secondTestCase -->
      </class> <!-- com.first.prg.demo1 -->
    </test> <!-- Test -->
  </suite> <!-- Suite -->
</testng-results>
