<?xml version="1.0" encoding="UTF-8"?>
<testng-results ignored="0" total="1" passed="1" failed="0" skipped="0">
  <reporter-output>
  </reporter-output>
  <suite started-at="2023-01-22T06:39:59Z" name="Default suite" finished-at="2023-01-22T06:40:06Z" duration-ms="6692">
    <groups>
    </groups>
    <test started-at="2023-01-22T06:39:59Z" name="Default test" finished-at="2023-01-22T06:40:06Z" duration-ms="6692">
      <class name="com.inetBanking.testCases.TC_LoginTest_001">
        <test-method is-config="true" signature="setup()[pri:0, instance:com.inetBanking.testCases.TC_LoginTest_001@183ec003]" started-at="2023-01-22T06:39:59Z" name="setup" finished-at="2023-01-22T06:40:01Z" duration-ms="1634" status="PASS">
          <reporter-output>
          </reporter-output>
        </test-method> <!-- setup -->
        <test-method signature="LoginTest()[pri:0, instance:com.inetBanking.testCases.TC_LoginTest_001@183ec003]" started-at="2023-01-22T06:40:01Z" name="LoginTest" finished-at="2023-01-22T06:40:06Z" duration-ms="4771" status="PASS">
          <reporter-output>
          </reporter-output>
        </test-method> <!-- LoginTest -->
        <test-method is-config="true" signature="teardown()[pri:0, instance:com.inetBanking.testCases.TC_LoginTest_001@183ec003]" started-at="2023-01-22T06:40:06Z" name="teardown" finished-at="2023-01-22T06:40:06Z" duration-ms="256" status="PASS">
          <reporter-output>
          </reporter-output>
        </test-method> <!-- teardown -->
      </class> <!-- com.inetBanking.testCases.TC_LoginTest_001 -->
    </test> <!-- Default test -->
  </suite> <!-- Default suite -->
</testng-results>
