<?xml version="1.0" encoding="UTF-8"?>
<!-- Generated by org.testng.reporters.JUnitXMLReporter -->
<testsuite ignored="0" hostname="DESKTOP-5AL9S0G" failures="0" tests="13" name="demoxml" time="1.244" errors="0" timestamp="2021-12-30T15:41:14 IST">
  <testcase classname="com.first.prg.demo1" name="firstTestCase" time="0.173"/>
  <testcase classname="com.first.prg.demo1" name="secondTestCase" time="0.011"/>
  <testcase classname="com.first.prg.demo1" name="secondTestCase" time="0.007"/>
  <testcase classname="com.first.prg.demo1" name="secondTestCase" time="0.228"/>
  <testcase classname="com.first.prg.demo1" name="secondTestCase" time="0.009"/>
  <testcase classname="com.first.prg.demo1" name="secondTestCase" time="0.039"/>
  <testcase classname="com.first.prg.demo1" name="secondTestCase" time="0.007"/>
  <testcase classname="com.first.prg.demo1" name="secondTestCase" time="0.008"/>
  <testcase classname="com.first.prg.demo1" name="secondTestCase" time="0.025"/>
  <testcase classname="com.first.prg.demo1" name="secondTestCase" time="0.006"/>
  <testcase classname="com.first.prg.demo1" name="secondTestCase" time="0.003"/>
  <testcase classname="com.first.prg.demo2" name="firstTestCase" time="0.004"/>
  <testcase classname="com.first.prg.demo2" name="secondTestCase" time="0.003"/>
</testsuite> <!-- demoxml -->
