<?xml version="1.0" encoding="UTF-8"?>
<testng-results ignored="0" total="1" passed="1" failed="0" skipped="0">
  <reporter-output>
  </reporter-output>
  <suite started-at="2023-02-09T08:09:19Z" name="Suite" finished-at="2023-02-09T08:09:31Z" duration-ms="12129">
    <groups>
    </groups>
    <test started-at="2023-02-09T08:09:19Z" name="Test" finished-at="2023-02-09T08:09:31Z" duration-ms="12129">
      <class name="com.HRManet.TestCases.TC_LoginPage_001">
        <test-method is-config="true" signature="setup(java.lang.String)[pri:0, instance:com.HRManet.TestCases.TC_LoginPage_001@1339e7aa]" started-at="2023-02-09T08:09:19Z" name="setup" finished-at="2023-02-09T08:09:29Z" duration-ms="9883" status="PASS">
          <params>
            <param index="0">
              <value>
                <![CDATA[chrome]]>
              </value>
            </param>
          </params>
          <reporter-output>
          </reporter-output>
        </test-method> <!-- setup -->
        <test-method signature="LoginTest()[pri:0, instance:com.HRManet.TestCases.TC_LoginPage_001@1339e7aa]" started-at="2023-02-09T08:09:29Z" name="LoginTest" finished-at="2023-02-09T08:09:31Z" duration-ms="1945" status="PASS">
          <reporter-output>
          </reporter-output>
        </test-method> <!-- LoginTest -->
        <test-method is-config="true" signature="teardown()[pri:0, instance:com.HRManet.TestCases.TC_LoginPage_001@1339e7aa]" started-at="2023-02-09T08:09:31Z" name="teardown" finished-at="2023-02-09T08:09:31Z" duration-ms="271" status="PASS">
          <reporter-output>
          </reporter-output>
        </test-method> <!-- teardown -->
      </class> <!-- com.HRManet.TestCases.TC_LoginPage_001 -->
    </test> <!-- Test -->
  </suite> <!-- Suite -->
</testng-results>
